<?xml version="1.0" encoding="UTF-8"?>
<testsuite xmlns:xsi="http://www.w3.org/2001/XMLSchema-instance" xsi:noNamespaceSchemaLocation="https://maven.apache.org/surefire/maven-surefire-plugin/xsd/surefire-test-report-3.0.xsd" version="3.0" name="br.com.cleanarchitecture.usecase.customer.create.CreateCustomerUseCaseTest" time="3.608" tests="2" errors="0" skipped="0" failures="0">
  <properties>
[...]
</properties>
  <testcase name="shouldCreateACustomer" classname="br.com.cleanarchitecture.usecase.customer.create.CreateCustomerUseCaseTest" time="0.063">
    <system-out><![CDATA[2025-02-12T21:41:55.254-03:00  INFO 2192 --- [           main] t.c.s.AnnotationConfigContextLoaderUtils : Could not detect default configuration classes for test class [br.com.cleanarchitecture.usecase.customer.create.CreateCustomerUseCaseTest]: CreateCustomerUseCaseTest does not declare any static, non-private, non-final, nested classes annotated with @Configuration.
2025-02-12T21:41:55.325-03:00  INFO 2192 --- [           main] .b.t.c.SpringBootTestContextBootstrapper : Found @SpringBootConfiguration br.com.cleanarchitecture.Main for test class br.com.cleanarchitecture.usecase.customer.create.CreateCustomerUseCaseTest

  .   ____          _            __ _ _
 /\\ / ___'_ __ _ _(_)_ __  __ _ \ \ \ \
( ( )\___ | '_ | '_| | '_ \/ _` | \ \ \ \
 \\/  ___)| |_)| | | | | || (_| |  ) ) ) )
  '  |____| .__|_| |_|_| |_\__, | / / / /
 =========|_|==============|___/=/_/_/_/

 :: Spring Boot ::                (v3.3.8)

2025-02-12T21:41:55.453-03:00  INFO 2192 --- [           main] b.c.c.u.c.c.CreateCustomerUseCaseTest    : Starting CreateCustomerUseCaseTest using Java 17.0.7 with PID 2192 (started by USER in C:\Users\USER\Documents\Estudo_Spring\CleanArquitecture\cleanArquitecture)
2025-02-12T21:41:55.454-03:00  INFO 2192 --- [           main] b.c.c.u.c.c.CreateCustomerUseCaseTest    : No active profile set, falling back to 1 default profile: "default"
2025-02-12T21:41:56.221-03:00  INFO 2192 --- [           main] .s.d.r.c.RepositoryConfigurationDelegate : Bootstrapping Spring Data JPA repositories in DEFAULT mode.
2025-02-12T21:41:56.258-03:00  INFO 2192 --- [           main] .s.d.r.c.RepositoryConfigurationDelegate : Finished Spring Data repository scanning in 36 ms. Found 3 JPA repository interfaces.
2025-02-12T21:41:56.640-03:00  INFO 2192 --- [           main] o.hibernate.jpa.internal.util.LogHelper  : HHH000204: Processing PersistenceUnitInfo [name: default]
2025-02-12T21:41:56.652-03:00  INFO 2192 --- [           main] o.h.c.internal.RegionFactoryInitiator    : HHH000026: Second-level cache disabled
2025-02-12T21:41:56.677-03:00  INFO 2192 --- [           main] o.s.o.j.p.SpringPersistenceUnitInfo      : No LoadTimeWeaver setup: ignoring JPA class transformer
2025-02-12T21:41:56.680-03:00  INFO 2192 --- [           main] com.zaxxer.hikari.HikariDataSource       : HikariPool-1 - Starting...
2025-02-12T21:41:56.705-03:00  INFO 2192 --- [           main] com.zaxxer.hikari.pool.HikariPool        : HikariPool-1 - Added connection conn14: url=jdbc:h2:mem:testdb user=SA
2025-02-12T21:41:56.716-03:00  INFO 2192 --- [           main] com.zaxxer.hikari.HikariDataSource       : HikariPool-1 - Start completed.
2025-02-12T21:41:56.728-03:00  WARN 2192 --- [           main] org.hibernate.orm.deprecation            : HHH90000025: H2Dialect does not need to be specified explicitly using 'hibernate.dialect' (remove the property setting and it will be selected by default)
2025-02-12T21:41:57.066-03:00  INFO 2192 --- [           main] o.h.e.t.j.p.i.JtaPlatformInitiator       : HHH000489: No JTA platform available (set 'hibernate.transaction.jta.platform' to enable JTA platform integration)
2025-02-12T21:41:57.101-03:00  INFO 2192 --- [           main] j.LocalContainerEntityManagerFactoryBean : Initialized JPA EntityManagerFactory for persistence unit 'default'
2025-02-12T21:41:57.397-03:00 ERROR 2192 --- [           main] o.a.catalina.core.AprLifecycleListener   : An incompatible version [1.1.33] of the Apache Tomcat Native library is installed, while Tomcat requires version [1.2.34]
2025-02-12T21:41:57.723-03:00  WARN 2192 --- [           main] JpaBaseConfiguration$JpaWebConfiguration : spring.jpa.open-in-view is enabled by default. Therefore, database queries may be performed during view rendering. Explicitly configure spring.jpa.open-in-view to disable this warning
2025-02-12T21:41:58.591-03:00  INFO 2192 --- [           main] o.s.b.a.h2.H2ConsoleAutoConfiguration    : H2 console available at '/h2-console'. Database available at 'jdbc:h2:mem:testdb'
2025-02-12T21:41:58.736-03:00  INFO 2192 --- [           main] b.c.c.u.c.c.CreateCustomerUseCaseTest    : Started CreateCustomerUseCaseTest in 3.375 seconds (process running for 20.629)
]]></system-out>
  </testcase>
  <testcase name="shouldThrownAnErrorWhenNameIsMissing" classname="br.com.cleanarchitecture.usecase.customer.create.CreateCustomerUseCaseTest" time="0.009"/>
</testsuite>